# JRE version: OpenJDK Runtime Environment Temurin-21.0.5+11 (21.0.5+11) (build 21.0.5+11-LTS)
# Java VM: OpenJDK 64-Bit Server VM Temurin-21.0.5+11 (21.0.5+11-LTS, mixed mode, sharing, tiered, compressed oops, compressed class ptrs, parallel gc, windows-amd64)
GC Precious Log:
 CardTable entry size: 512
 CPUs: 6 total, 6 available
 Memory: 16158M
 Large Page Support: Disabled
 NUMA Support: Disabled
 Compressed Oops: Enabled (32-bit)
 Alignments: Space 512K, Generation 512K, Heap 2M
 Heap Min Capacity: 100M
 Heap Initial Capacity: 100M
 Heap Max Capacity: 1G
 Pre-touch: Disabled
 Parallel Workers: 6
Heap:
 PSYoungGen      total 20992K, used 19208K [0x00000000eab00000, 0x00000000ec580000, 0x0000000100000000)
  eden space 14848K, 88% used [0x00000000eab00000,0x00000000eb7c9bc8,0x00000000eb980000)
  from space 6144K, 99% used [0x00000000ebf80000,0x00000000ec578618,0x00000000ec580000)
  to   space 6144K, 0% used [0x00000000eb980000,0x00000000eb980000,0x00000000ebf80000)
 ParOldGen       total 111616K, used 111387K [0x00000000c0000000, 0x00000000c6d00000, 0x00000000eab00000)
  object space 111616K, 99% used [0x00000000c0000000,0x00000000c6cc6f60,0x00000000c6d00000)
 Metaspace       used 59754K, committed 60992K, reserved 1114112K
  class space    used 6251K, committed 6784K, reserved 1048576K
GC Heap History (20 events):
Event: 11.194 GC heap before
{Heap before GC invocations=41 (full 3):
 PSYoungGen      total 23552K, used 22988K [0x00000000eab00000, 0x00000000ec800000, 0x0000000100000000)
  eden space 17408K, 100% used [0x00000000eab00000,0x00000000ebc00000,0x00000000ebc00000)
  from space 6144K, 90% used [0x00000000ebc00000,0x00000000ec173048,0x00000000ec200000)
  to   space 6144K, 0% used [0x00000000ec200000,0x00000000ec200000,0x00000000ec800000)
 ParOldGen       total 68608K, used 59112K [0x00000000c0000000, 0x00000000c4300000, 0x00000000eab00000)
  object space 68608K, 86% used [0x00000000c0000000,0x00000000c39ba060,0x00000000c4300000)
 Metaspace       used 59372K, committed 60672K, reserved 1114112K
  class space    used 6234K, committed 6784K, reserved 1048576K
}
Event: 11.198 GC heap after
{Heap after GC invocations=41 (full 3):
 PSYoungGen      total 22528K, used 4950K [0x00000000eab00000, 0x00000000ec700000, 0x0000000100000000)
  eden space 17408K, 0% used [0x00000000eab00000,0x00000000eab00000,0x00000000ebc00000)
  from space 5120K, 96% used [0x00000000ec200000,0x00000000ec6d58f0,0x00000000ec700000)
  to   space 5632K, 0% used [0x00000000ebc00000,0x00000000ebc00000,0x00000000ec180000)
 ParOldGen       total 68608K, used 62809K [0x00000000c0000000, 0x00000000c4300000, 0x00000000eab00000)
  object space 68608K, 91% used [0x00000000c0000000,0x00000000c3d564f0,0x00000000c4300000)
 Metaspace       used 59372K, committed 60672K, reserved 1114112K
  class space    used 6234K, committed 6784K, reserved 1048576K
}
Event: 11.231 GC heap before
{Heap before GC invocations=42 (full 3):
 PSYoungGen      total 22528K, used 18419K [0x00000000eab00000, 0x00000000ec700000, 0x0000000100000000)
  eden space 17408K, 77% used [0x00000000eab00000,0x00000000eb8273d0,0x00000000ebc00000)
  from space 5120K, 96% used [0x00000000ec200000,0x00000000ec6d58f0,0x00000000ec700000)
  to   space 5632K, 0% used [0x00000000ebc00000,0x00000000ebc00000,0x00000000ec180000)
 ParOldGen       total 68608K, used 62809K [0x00000000c0000000, 0x00000000c4300000, 0x00000000eab00000)
  object space 68608K, 91% used [0x00000000c0000000,0x00000000c3d564f0,0x00000000c4300000)
 Metaspace       used 59461K, committed 60736K, reserved 1114112K
  class space    used 6237K, committed 6784K, reserved 1048576K
}
Event: 11.234 GC heap after
{Heap after GC invocations=42 (full 3):
 PSYoungGen      total 22528K, used 4960K [0x00000000eab00000, 0x00000000ec600000, 0x0000000100000000)
  eden space 17408K, 0% used [0x00000000eab00000,0x00000000eab00000,0x00000000ebc00000)
  from space 5120K, 96% used [0x00000000ebc00000,0x00000000ec0d8030,0x00000000ec100000)
  to   space 5120K, 0% used [0x00000000ec100000,0x00000000ec100000,0x00000000ec600000)
 ParOldGen       total 72704K, used 71267K [0x00000000c0000000, 0x00000000c4700000, 0x00000000eab00000)
  object space 72704K, 98% used [0x00000000c0000000,0x00000000c4598de8,0x00000000c4700000)
 Metaspace       used 59461K, committed 60736K, reserved 1114112K
  class space    used 6237K, committed 6784K, reserved 1048576K
}
Event: 11.282 GC heap before
{Heap before GC invocations=43 (full 3):
 PSYoungGen      total 22528K, used 22368K [0x00000000eab00000, 0x00000000ec600000, 0x0000000100000000)
  eden space 17408K, 100% used [0x00000000eab00000,0x00000000ebc00000,0x00000000ebc00000)
  from space 5120K, 96% used [0x00000000ebc00000,0x00000000ec0d8030,0x00000000ec100000)
  to   space 5120K, 0% used [0x00000000ec100000,0x00000000ec100000,0x00000000ec600000)
 ParOldGen       total 88064K, used 86587K [0x00000000c0000000, 0x00000000c5600000, 0x00000000eab00000)
  object space 88064K, 98% used [0x00000000c0000000,0x00000000c548edf8,0x00000000c5600000)
 Metaspace       used 59512K, committed 60800K, reserved 1114112K
  class space    used 6238K, committed 6784K, reserved 1048576K
}
Event: 11.285 GC heap after
{Heap after GC invocations=43 (full 3):
 PSYoungGen      total 19968K, used 2077K [0x00000000eab00000, 0x00000000ec380000, 0x0000000100000000)
  eden space 17408K, 0% used [0x00000000eab00000,0x00000000eab00000,0x00000000ebc00000)
  from space 2560K, 81% used [0x00000000ec100000,0x00000000ec307680,0x00000000ec380000)
  to   space 3584K, 0% used [0x00000000ebc80000,0x00000000ebc80000,0x00000000ec000000)
 ParOldGen       total 88064K, used 87559K [0x00000000c0000000, 0x00000000c5600000, 0x00000000eab00000)
  object space 88064K, 99% used [0x00000000c0000000,0x00000000c5581e78,0x00000000c5600000)
 Metaspace       used 59512K, committed 60800K, reserved 1114112K
  class space    used 6238K, committed 6784K, reserved 1048576K
}
Event: 11.339 GC heap before
{Heap before GC invocations=44 (full 3):
 PSYoungGen      total 19968K, used 19485K [0x00000000eab00000, 0x00000000ec380000, 0x0000000100000000)
  eden space 17408K, 100% used [0x00000000eab00000,0x00000000ebc00000,0x00000000ebc00000)
  from space 2560K, 81% used [0x00000000ec100000,0x00000000ec307680,0x00000000ec380000)
  to   space 3584K, 0% used [0x00000000ebc80000,0x00000000ebc80000,0x00000000ec000000)
 ParOldGen       total 99328K, used 98569K [0x00000000c0000000, 0x00000000c6100000, 0x00000000eab00000)
  object space 99328K, 99% used [0x00000000c0000000,0x00000000c6042418,0x00000000c6100000)
 Metaspace       used 59562K, committed 60800K, reserved 1114112K
  class space    used 6240K, committed 6784K, reserved 1048576K
}
Event: 11.342 GC heap after
{Heap after GC invocations=44 (full 3):
 PSYoungGen      total 18944K, used 1241K [0x00000000eab00000, 0x00000000ec180000, 0x0000000100000000)
  eden space 17408K, 0% used [0x00000000eab00000,0x00000000eab00000,0x00000000ebc00000)
  from space 1536K, 80% used [0x00000000ebc80000,0x00000000ebdb6728,0x00000000ebe00000)
  to   space 2048K, 0% used [0x00000000ebf80000,0x00000000ebf80000,0x00000000ec180000)
 ParOldGen       total 100864K, used 100408K [0x00000000c0000000, 0x00000000c6280000, 0x00000000eab00000)
  object space 100864K, 99% used [0x00000000c0000000,0x00000000c620e048,0x00000000c6280000)
 Metaspace       used 59562K, committed 60800K, reserved 1114112K
  class space    used 6240K, committed 6784K, reserved 1048576K
}
Event: 11.388 GC heap before
{Heap before GC invocations=45 (full 3):
 PSYoungGen      total 18944K, used 17577K [0x00000000eab00000, 0x00000000ec180000, 0x0000000100000000)
  eden space 17408K, 93% used [0x00000000eab00000,0x00000000ebaf3dd8,0x00000000ebc00000)
  from space 1536K, 80% used [0x00000000ebc80000,0x00000000ebdb6728,0x00000000ebe00000)
  to   space 2048K, 0% used [0x00000000ebf80000,0x00000000ebf80000,0x00000000ec180000)
 ParOldGen       total 100864K, used 100408K [0x00000000c0000000, 0x00000000c6280000, 0x00000000eab00000)
  object space 100864K, 99% used [0x00000000c0000000,0x00000000c620e048,0x00000000c6280000)
 Metaspace       used 59583K, committed 60864K, reserved 1114112K
  class space    used 6240K, committed 6784K, reserved 1048576K
}
Event: 11.391 GC heap after
{Heap after GC invocations=45 (full 3):
 PSYoungGen      total 16896K, used 2044K [0x00000000eab00000, 0x00000000ec800000, 0x0000000100000000)
  eden space 14848K, 0% used [0x00000000eab00000,0x00000000eab00000,0x00000000eb980000)
  from space 2048K, 99% used [0x00000000ebf80000,0x00000000ec17f0d8,0x00000000ec180000)
  to   space 6144K, 0% used [0x00000000eb980000,0x00000000eb980000,0x00000000ebf80000)
 ParOldGen       total 103936K, used 103526K [0x00000000c0000000, 0x00000000c6580000, 0x00000000eab00000)
  object space 103936K, 99% used [0x00000000c0000000,0x00000000c6519890,0x00000000c6580000)
 Metaspace       used 59583K, committed 60864K, reserved 1114112K
  class space    used 6240K, committed 6784K, reserved 1048576K
}
Event: 11.431 GC heap before
{Heap before GC invocations=46 (full 3):
 PSYoungGen      total 16896K, used 16892K [0x00000000eab00000, 0x00000000ec800000, 0x0000000100000000)
  eden space 14848K, 100% used [0x00000000eab00000,0x00000000eb980000,0x00000000eb980000)
  from space 2048K, 99% used [0x00000000ebf80000,0x00000000ec17f0d8,0x00000000ec180000)
  to   space 6144K, 0% used [0x00000000eb980000,0x00000000eb980000,0x00000000ebf80000)
 ParOldGen       total 103936K, used 103526K [0x00000000c0000000, 0x00000000c6580000, 0x00000000eab00000)
  object space 103936K, 99% used [0x00000000c0000000,0x00000000c6519890,0x00000000c6580000)
 Metaspace       used 59597K, committed 60864K, reserved 1114112K
  class space    used 6240K, committed 6784K, reserved 1048576K
}
Event: 11.438 GC heap after
{Heap after GC invocations=46 (full 3):
 PSYoungGen      total 16896K, used 16892K [0x00000000eab00000, 0x00000000ec800000, 0x0000000100000000)
  eden space 14848K, 100% used [0x00000000eab00000,0x00000000eb980000,0x00000000eb980000)
  from space 2048K, 99% used [0x00000000ebf80000,0x00000000ec17f0d8,0x00000000ec180000)
  to   space 6144K, 99% used [0x00000000eb980000,0x00000000ebf7efe0,0x00000000ebf80000)
 ParOldGen       total 107520K, used 107022K [0x00000000c0000000, 0x00000000c6900000, 0x00000000eab00000)
  object space 107520K, 99% used [0x00000000c0000000,0x00000000c6883900,0x00000000c6900000)
 Metaspace       used 59597K, committed 60864K, reserved 1114112K
  class space    used 6240K, committed 6784K, reserved 1048576K
}
Event: 11.439 GC heap before
{Heap before GC invocations=47 (full 4):
 PSYoungGen      total 16896K, used 16892K [0x00000000eab00000, 0x00000000ec800000, 0x0000000100000000)
  eden space 14848K, 100% used [0x00000000eab00000,0x00000000eb980000,0x00000000eb980000)
  from space 2048K, 99% used [0x00000000ebf80000,0x00000000ec17f0d8,0x00000000ec180000)
  to   space 6144K, 99% used [0x00000000eb980000,0x00000000ebf7efe0,0x00000000ebf80000)
 ParOldGen       total 107520K, used 107022K [0x00000000c0000000, 0x00000000c6900000, 0x00000000eab00000)
  object space 107520K, 99% used [0x00000000c0000000,0x00000000c6883900,0x00000000c6900000)
 Metaspace       used 59597K, committed 60864K, reserved 1114112K
  class space    used 6240K, committed 6784K, reserved 1048576K
}
Event: 11.512 GC heap after
{Heap after GC invocations=47 (full 4):
 PSYoungGen      total 20992K, used 0K [0x00000000eab00000, 0x00000000ec580000, 0x0000000100000000)
  eden space 14848K, 0% used [0x00000000eab00000,0x00000000eab00000,0x00000000eb980000)
  from space 6144K, 0% used [0x00000000eb980000,0x00000000eb980000,0x00000000ebf80000)
  to   space 6144K, 0% used [0x00000000ebf80000,0x00000000ebf80000,0x00000000ec580000)
 ParOldGen       total 107520K, used 91863K [0x00000000c0000000, 0x00000000c6900000, 0x00000000eab00000)
  object space 107520K, 85% used [0x00000000c0000000,0x00000000c59b5d90,0x00000000c6900000)
 Metaspace       used 59597K, committed 60864K, reserved 1114112K
  class space    used 6240K, committed 6784K, reserved 1048576K
}
Event: 11.550 GC heap before
{Heap before GC invocations=48 (full 4):
 PSYoungGen      total 20992K, used 14848K [0x00000000eab00000, 0x00000000ec580000, 0x0000000100000000)
  eden space 14848K, 100% used [0x00000000eab00000,0x00000000eb980000,0x00000000eb980000)
  from space 6144K, 0% used [0x00000000eb980000,0x00000000eb980000,0x00000000ebf80000)
  to   space 6144K, 0% used [0x00000000ebf80000,0x00000000ebf80000,0x00000000ec580000)
 ParOldGen       total 107520K, used 91863K [0x00000000c0000000, 0x00000000c6900000, 0x00000000eab00000)
  object space 107520K, 85% used [0x00000000c0000000,0x00000000c59b5d90,0x00000000c6900000)
 Metaspace       used 59608K, committed 60864K, reserved 1114112K
  class space    used 6242K, committed 6784K, reserved 1048576K
}
Event: 11.558 GC heap after
{Heap after GC invocations=48 (full 4):
 PSYoungGen      total 20992K, used 6131K [0x00000000eab00000, 0x00000000ec580000, 0x0000000100000000)
  eden space 14848K, 0% used [0x00000000eab00000,0x00000000eab00000,0x00000000eb980000)
  from space 6144K, 99% used [0x00000000ebf80000,0x00000000ec57ce10,0x00000000ec580000)
  to   space 6144K, 0% used [0x00000000eb980000,0x00000000eb980000,0x00000000ebf80000)
 ParOldGen       total 107520K, used 95022K [0x00000000c0000000, 0x00000000c6900000, 0x00000000eab00000)
  object space 107520K, 88% used [0x00000000c0000000,0x00000000c5ccb838,0x00000000c6900000)
 Metaspace       used 59608K, committed 60864K, reserved 1114112K
  class space    used 6242K, committed 6784K, reserved 1048576K
}
Event: 11.588 GC heap before
{Heap before GC invocations=49 (full 4):
 PSYoungGen      total 20992K, used 20979K [0x00000000eab00000, 0x00000000ec580000, 0x0000000100000000)
  eden space 14848K, 100% used [0x00000000eab00000,0x00000000eb980000,0x00000000eb980000)
  from space 6144K, 99% used [0x00000000ebf80000,0x00000000ec57ce10,0x00000000ec580000)
  to   space 6144K, 0% used [0x00000000eb980000,0x00000000eb980000,0x00000000ebf80000)
 ParOldGen       total 107520K, used 95022K [0x00000000c0000000, 0x00000000c6900000, 0x00000000eab00000)
  object space 107520K, 88% used [0x00000000c0000000,0x00000000c5ccb838,0x00000000c6900000)
 Metaspace       used 59625K, committed 60864K, reserved 1114112K
  class space    used 6242K, committed 6784K, reserved 1048576K
}
Event: 11.596 GC heap after
{Heap after GC invocations=49 (full 4):
 PSYoungGen      total 20992K, used 6123K [0x00000000eab00000, 0x00000000ec580000, 0x0000000100000000)
  eden space 14848K, 0% used [0x00000000eab00000,0x00000000eab00000,0x00000000eb980000)
  from space 6144K, 99% used [0x00000000eb980000,0x00000000ebf7ae00,0x00000000ebf80000)
  to   space 6144K, 0% used [0x00000000ebf80000,0x00000000ebf80000,0x00000000ec580000)
 ParOldGen       total 107520K, used 103572K [0x00000000c0000000, 0x00000000c6900000, 0x00000000eab00000)
  object space 107520K, 96% used [0x00000000c0000000,0x00000000c65250d0,0x00000000c6900000)
 Metaspace       used 59625K, committed 60864K, reserved 1114112K
  class space    used 6242K, committed 6784K, reserved 1048576K
}
Event: 11.619 GC heap before
{Heap before GC invocations=50 (full 4):
 PSYoungGen      total 20992K, used 20971K [0x00000000eab00000, 0x00000000ec580000, 0x0000000100000000)
  eden space 14848K, 100% used [0x00000000eab00000,0x00000000eb980000,0x00000000eb980000)
  from space 6144K, 99% used [0x00000000eb980000,0x00000000ebf7ae00,0x00000000ebf80000)
  to   space 6144K, 0% used [0x00000000ebf80000,0x00000000ebf80000,0x00000000ec580000)
 ParOldGen       total 107520K, used 103572K [0x00000000c0000000, 0x00000000c6900000, 0x00000000eab00000)
  object space 107520K, 96% used [0x00000000c0000000,0x00000000c65250d0,0x00000000c6900000)
 Metaspace       used 59632K, committed 60928K, reserved 1114112K
  class space    used 6242K, committed 6784K, reserved 1048576K
}
Event: 11.630 GC heap after
{Heap after GC invocations=50 (full 4):
 PSYoungGen      total 20992K, used 6113K [0x00000000eab00000, 0x00000000ec580000, 0x0000000100000000)
  eden space 14848K, 0% used [0x00000000eab00000,0x00000000eab00000,0x00000000eb980000)
  from space 6144K, 99% used [0x00000000ebf80000,0x00000000ec578618,0x00000000ec580000)
  to   space 6144K, 0% used [0x00000000eb980000,0x00000000eb980000,0x00000000ebf80000)
 ParOldGen       total 111616K, used 111387K [0x00000000c0000000, 0x00000000c6d00000, 0x00000000eab00000)
  object space 111616K, 99% used [0x00000000c0000000,0x00000000c6cc6f60,0x00000000c6d00000)
 Metaspace       used 59632K, committed 60928K, reserved 1114112K
  class space    used 6242K, committed 6784K, reserved 1048576K
}

